<?xml version="1.0" encoding="UTF-8"?>
<!-- Generated by org.testng.reporters.JUnitReportReporter -->
<testsuite skipped="0" hostname="DESKTOP-IDDQD" name="tests.Test1" tests="2" failures="0" timestamp="07 мая 2019 10:44:39 GMT" time="8.843" errors="0">
  <testcase name="testSearchForWord" time="3.961" classname="tests.Test1"/>
  <testcase name="testSearchForLink" time="4.882" classname="tests.Test1"/>
</testsuite> <!-- tests.Test1 -->
