<?xml version="1.0" encoding="UTF-8"?>
<!-- Generated by org.testng.reporters.JUnitReportReporter -->
<testsuite skipped="1" hostname="DESKTOP-IDDQD" name="tests.TestSet" tests="2" failures="0" timestamp="26 апр 2019 14:35:04 GMT" time="6.637" errors="0">
  <testcase name="testSearchForLink" time="6.637" classname="tests.TestSet"/>
  <testcase name="testSearchForWord" classname="tests.TestSet">
    <skipped/>
  </testcase> <!-- testSearchForWord -->
</testsuite> <!-- tests.TestSet -->
