<?xml version="1.0" encoding="UTF-8"?>
<!-- Generated by org.testng.reporters.JUnitReportReporter -->
<testsuite skipped="1" hostname="DESKTOP-76IMNF4" name="TestSet" tests="2" failures="0" timestamp="11 мая 2018 08:41:40 GMT" time="5.244" errors="0">
  <testcase name="testSearchForWord" time="5.244" classname="TestSet"/>
  <testcase name="testSearchForLink" classname="TestSet">
    <skipped/>
  </testcase> <!-- testSearchForLink -->
</testsuite> <!-- TestSet -->
