<?xml version="1.0" encoding="UTF-8"?>
<!-- Generated by org.testng.reporters.JUnitReportReporter -->
<testsuite skipped="0" hostname="DESKTOP-IDDQD" name="tests.Test2" tests="1" failures="0" timestamp="07 мая 2019 10:40:34 GMT" time="0.001" errors="0">
  <testcase name="testSearchForLink" time="0.001" classname="tests.Test2"/>
</testsuite> <!-- tests.Test2 -->
