<?xml version="1.0" encoding="UTF-8"?>
<!-- Generated by org.testng.reporters.JUnitReportReporter -->
<testsuite skipped="1" hostname="DESKTOP-IDDQD" name="tests.TestSet" tests="2" failures="0" timestamp="25 апр 2019 13:57:28 GMT" time="5.615" errors="0">
  <testcase name="testSearchForWord" time="5.615" classname="tests.TestSet"/>
  <testcase name="testSearchForLink" classname="tests.TestSet">
    <skipped/>
  </testcase> <!-- testSearchForLink -->
</testsuite> <!-- tests.TestSet -->
